Arguments: 
  C:\Program Files\nodejs\node.exe C:\Users\famil\AppData\Roaming\npm\node_modules\yarn\bin\yarn.js init --y

PATH: 
  C:\ProgramData\Oracle\Java\javapath;C:\Python27\;C:\Python27\Scripts;C:\Program Files (x86)\Common Files\Oracle\Java\javapath;C:\Windows\system32;C:\Windows;C:\Windows\System32\Wbem;C:\Windows\System32\WindowsPowerShell\v1.0\;C:\Windows\System32\OpenSSH\;C:\Program Files (x86)\NVIDIA Corporation\PhysX\Common;C:\Program Files\NVIDIA Corporation\NVIDIA NvDLISR;C:\xampp\php;C:\composer;C:\Program Files (x86)\Intel\Intel(R) Management Engine Components\DAL;C:\Program Files\Intel\Intel(R) Management Engine Components\DAL;C:\Program Files\Git\cmd;C:\Program Files\PuTTY\;C:\ProgramData\chocolatey\bin;C:\WINDOWS\system32;C:\WINDOWS;C:\WINDOWS\System32\Wbem;C:\WINDOWS\System32\WindowsPowerShell\v1.0\;C:\WINDOWS\System32\OpenSSH\;;C:\Program Files\nodejs\;C:\Program Files\Docker\Docker\resources\bin;C:\ProgramData\DockerDesktop\version-bin;C:\Users\famil\AppData\Local\Microsoft\WindowsApps;C:\Users\famil\AppData\Local\Programs\Microsoft VS Code\bin;C:\Users\famil\AppData\Roaming\Composer\vendor\bin;C:\Users\famil\AppData\Local\GitHubDesktop\bin;C:\Users\famil\AppData\Local\Yarn\bin;C:\Users\famil\AppData\Local\Android\Sdk\platform-tools;;C:\Users\famil\AppData\Local\Microsoft\WindowsApps;C:\Users\famil\AppData\Roaming\npm

Yarn version: 
  1.22.10

Node version: 
  14.15.5

Platform: 
  win32 x64

Trace: 
  Error: canceled
      at Interface.<anonymous> (C:\Users\famil\AppData\Roaming\npm\node_modules\yarn\lib\cli.js:136216:13)
      at Interface.emit (events.js:315:20)
      at Interface._ttyWrite (readline.js:875:16)
      at ReadStream.onkeypress (readline.js:213:10)
      at ReadStream.emit (events.js:315:20)
      at emitKeys (internal/readline/utils.js:345:14)
      at emitKeys.next (<anonymous>)
      at ReadStream.onData (readline.js:1144:36)
      at ReadStream.emit (events.js:315:20)
      at addChunk (internal/streams/readable.js:309:12)

npm manifest: 
  No manifest

yarn manifest: 
  No manifest

Lockfile: 
  No lockfile
